[2015-05-08 03:40:46] production.ERROR: exception 'Symfony\Component\HttpKernel\Exception\NotFoundHttpException' in D:\wamp\www\laravel-builder\protected\vendor\laravel\framework\src\Illuminate\Routing\RouteCollection.php:140
Stack trace:
#0 D:\wamp\www\laravel-builder\protected\vendor\laravel\framework\src\Illuminate\Routing\Router.php(1021): Illuminate\Routing\RouteCollection->match(Object(Illuminate\Http\Request))
#1 D:\wamp\www\laravel-builder\protected\vendor\laravel\framework\src\Illuminate\Routing\Router.php(989): Illuminate\Routing\Router->findRoute(Object(Illuminate\Http\Request))
#2 D:\wamp\www\laravel-builder\protected\vendor\laravel\framework\src\Illuminate\Routing\Router.php(968): Illuminate\Routing\Router->dispatchToRoute(Object(Illuminate\Http\Request))
#3 D:\wamp\www\laravel-builder\protected\vendor\laravel\framework\src\Illuminate\Foundation\Application.php(738): Illuminate\Routing\Router->dispatch(Object(Illuminate\Http\Request))
#4 D:\wamp\www\laravel-builder\protected\vendor\laravel\framework\src\Illuminate\Foundation\Application.php(708): Illuminate\Foundation\Application->dispatch(Object(Illuminate\Http\Request))
#5 D:\wamp\www\laravel-builder\protected\vendor\laravel\framework\src\Illuminate\Http\FrameGuard.php(38): Illuminate\Foundation\Application->handle(Object(Illuminate\Http\Request), 1, true)
#6 D:\wamp\www\laravel-builder\protected\vendor\laravel\framework\src\Illuminate\Session\Middleware.php(72): Illuminate\Http\FrameGuard->handle(Object(Illuminate\Http\Request), 1, true)
#7 D:\wamp\www\laravel-builder\protected\vendor\laravel\framework\src\Illuminate\Cookie\Queue.php(47): Illuminate\Session\Middleware->handle(Object(Illuminate\Http\Request), 1, true)
#8 D:\wamp\www\laravel-builder\protected\vendor\laravel\framework\src\Illuminate\Cookie\Guard.php(51): Illuminate\Cookie\Queue->handle(Object(Illuminate\Http\Request), 1, true)
#9 D:\wamp\www\laravel-builder\protected\vendor\stack\builder\src\Stack\StackedHttpKernel.php(23): Illuminate\Cookie\Guard->handle(Object(Illuminate\Http\Request), 1, true)
#10 D:\wamp\www\laravel-builder\protected\vendor\laravel\framework\src\Illuminate\Foundation\Application.php(606): Stack\StackedHttpKernel->handle(Object(Illuminate\Http\Request))
#11 D:\wamp\www\laravel-builder\index.php(49): Illuminate\Foundation\Application->run()
#12 {main} [] []
[2015-05-08 03:42:41] production.ERROR: exception 'Illuminate\Database\QueryException' with message 'SQLSTATE[42000]: Syntax error or access violation: 1064 Erreur de syntaxe près de '-builder' à la ligne 1 (SQL: SHOW TABLES FROM laravel-builder)' in D:\wamp\www\laravel-builder\protected\vendor\laravel\framework\src\Illuminate\Database\Connection.php:555
Stack trace:
#0 D:\wamp\www\laravel-builder\protected\vendor\laravel\framework\src\Illuminate\Database\Connection.php(283): Illuminate\Database\Connection->run('SHOW TABLES FRO...', Array, Object(Closure))
#1 [internal function]: Illuminate\Database\Connection->select('SHOW TABLES FRO...')
#2 D:\wamp\www\laravel-builder\protected\vendor\laravel\framework\src\Illuminate\Database\DatabaseManager.php(243): call_user_func_array(Array, Array)
#3 D:\wamp\www\laravel-builder\protected\vendor\laravel\framework\src\Illuminate\Support\Facades\Facade.php(208): Illuminate\Database\DatabaseManager->__call('select', Array)
#4 D:\wamp\www\laravel-builder\protected\vendor\laravel\framework\src\Illuminate\Support\Facades\Facade.php(208): Illuminate\Database\DatabaseManager->select('SHOW TABLES FRO...')
#5 D:\wamp\www\laravel-builder\protected\app\models\BaseModel.php(149): Illuminate\Support\Facades\Facade::__callStatic('select', Array)
#6 D:\wamp\www\laravel-builder\protected\app\models\BaseModel.php(149): Illuminate\Support\Facades\DB::select('SHOW TABLES FRO...')
#7 D:\wamp\www\laravel-builder\protected\app\controllers\ModuleController.php(200): BaseModel::getTableList('laravel-builder')
#8 [internal function]: ModuleController->getAdd()
#9 D:\wamp\www\laravel-builder\protected\vendor\laravel\framework\src\Illuminate\Routing\Controller.php(231): call_user_func_array(Array, Array)
#10 D:\wamp\www\laravel-builder\protected\vendor\laravel\framework\src\Illuminate\Routing\ControllerDispatcher.php(93): Illuminate\Routing\Controller->callAction('getAdd', Array)
#11 D:\wamp\www\laravel-builder\protected\vendor\laravel\framework\src\Illuminate\Routing\ControllerDispatcher.php(62): Illuminate\Routing\ControllerDispatcher->call(Object(ModuleController), Object(Illuminate\Routing\Route), 'getAdd')
#12 D:\wamp\www\laravel-builder\protected\vendor\laravel\framework\src\Illuminate\Routing\Router.php(934): Illuminate\Routing\ControllerDispatcher->dispatch(Object(Illuminate\Routing\Route), Object(Illuminate\Http\Request), 'ModuleControlle...', 'getAdd')
#13 [internal function]: Illuminate\Routing\Router->Illuminate\Routing\{closure}()
#14 D:\wamp\www\laravel-builder\protected\vendor\laravel\framework\src\Illuminate\Routing\Route.php(105): call_user_func_array(Object(Closure), Array)
#15 D:\wamp\www\laravel-builder\protected\vendor\laravel\framework\src\Illuminate\Routing\Router.php(1000): Illuminate\Routing\Route->run(Object(Illuminate\Http\Request))
#16 D:\wamp\www\laravel-builder\protected\vendor\laravel\framework\src\Illuminate\Routing\Router.php(968): Illuminate\Routing\Router->dispatchToRoute(Object(Illuminate\Http\Request))
#17 D:\wamp\www\laravel-builder\protected\vendor\laravel\framework\src\Illuminate\Foundation\Application.php(738): Illuminate\Routing\Router->dispatch(Object(Illuminate\Http\Request))
#18 D:\wamp\www\laravel-builder\protected\vendor\laravel\framework\src\Illuminate\Foundation\Application.php(708): Illuminate\Foundation\Application->dispatch(Object(Illuminate\Http\Request))
#19 D:\wamp\www\laravel-builder\protected\vendor\laravel\framework\src\Illuminate\Http\FrameGuard.php(38): Illuminate\Foundation\Application->handle(Object(Illuminate\Http\Request), 1, true)
#20 D:\wamp\www\laravel-builder\protected\vendor\laravel\framework\src\Illuminate\Session\Middleware.php(72): Illuminate\Http\FrameGuard->handle(Object(Illuminate\Http\Request), 1, true)
#21 D:\wamp\www\laravel-builder\protected\vendor\laravel\framework\src\Illuminate\Cookie\Queue.php(47): Illuminate\Session\Middleware->handle(Object(Illuminate\Http\Request), 1, true)
#22 D:\wamp\www\laravel-builder\protected\vendor\laravel\framework\src\Illuminate\Cookie\Guard.php(51): Illuminate\Cookie\Queue->handle(Object(Illuminate\Http\Request), 1, true)
#23 D:\wamp\www\laravel-builder\protected\vendor\stack\builder\src\Stack\StackedHttpKernel.php(23): Illuminate\Cookie\Guard->handle(Object(Illuminate\Http\Request), 1, true)
#24 D:\wamp\www\laravel-builder\protected\vendor\laravel\framework\src\Illuminate\Foundation\Application.php(606): Stack\StackedHttpKernel->handle(Object(Illuminate\Http\Request))
#25 D:\wamp\www\laravel-builder\index.php(49): Illuminate\Foundation\Application->run()
#26 {main} [] []
[2015-05-08 03:42:50] production.ERROR: exception 'Illuminate\Database\QueryException' with message 'SQLSTATE[42000]: Syntax error or access violation: 1064 Erreur de syntaxe près de '-builder' à la ligne 1 (SQL: SHOW TABLES FROM laravel-builder)' in D:\wamp\www\laravel-builder\protected\vendor\laravel\framework\src\Illuminate\Database\Connection.php:555
Stack trace:
#0 D:\wamp\www\laravel-builder\protected\vendor\laravel\framework\src\Illuminate\Database\Connection.php(283): Illuminate\Database\Connection->run('SHOW TABLES FRO...', Array, Object(Closure))
#1 [internal function]: Illuminate\Database\Connection->select('SHOW TABLES FRO...')
#2 D:\wamp\www\laravel-builder\protected\vendor\laravel\framework\src\Illuminate\Database\DatabaseManager.php(243): call_user_func_array(Array, Array)
#3 D:\wamp\www\laravel-builder\protected\vendor\laravel\framework\src\Illuminate\Support\Facades\Facade.php(208): Illuminate\Database\DatabaseManager->__call('select', Array)
#4 D:\wamp\www\laravel-builder\protected\vendor\laravel\framework\src\Illuminate\Support\Facades\Facade.php(208): Illuminate\Database\DatabaseManager->select('SHOW TABLES FRO...')
#5 D:\wamp\www\laravel-builder\protected\app\models\BaseModel.php(149): Illuminate\Support\Facades\Facade::__callStatic('select', Array)
#6 D:\wamp\www\laravel-builder\protected\app\models\BaseModel.php(149): Illuminate\Support\Facades\DB::select('SHOW TABLES FRO...')
#7 D:\wamp\www\laravel-builder\protected\app\controllers\ModuleController.php(200): BaseModel::getTableList('laravel-builder')
#8 [internal function]: ModuleController->getAdd()
#9 D:\wamp\www\laravel-builder\protected\vendor\laravel\framework\src\Illuminate\Routing\Controller.php(231): call_user_func_array(Array, Array)
#10 D:\wamp\www\laravel-builder\protected\vendor\laravel\framework\src\Illuminate\Routing\ControllerDispatcher.php(93): Illuminate\Routing\Controller->callAction('getAdd', Array)
#11 D:\wamp\www\laravel-builder\protected\vendor\laravel\framework\src\Illuminate\Routing\ControllerDispatcher.php(62): Illuminate\Routing\ControllerDispatcher->call(Object(ModuleController), Object(Illuminate\Routing\Route), 'getAdd')
#12 D:\wamp\www\laravel-builder\protected\vendor\laravel\framework\src\Illuminate\Routing\Router.php(934): Illuminate\Routing\ControllerDispatcher->dispatch(Object(Illuminate\Routing\Route), Object(Illuminate\Http\Request), 'ModuleControlle...', 'getAdd')
#13 [internal function]: Illuminate\Routing\Router->Illuminate\Routing\{closure}()
#14 D:\wamp\www\laravel-builder\protected\vendor\laravel\framework\src\Illuminate\Routing\Route.php(105): call_user_func_array(Object(Closure), Array)
#15 D:\wamp\www\laravel-builder\protected\vendor\laravel\framework\src\Illuminate\Routing\Router.php(1000): Illuminate\Routing\Route->run(Object(Illuminate\Http\Request))
#16 D:\wamp\www\laravel-builder\protected\vendor\laravel\framework\src\Illuminate\Routing\Router.php(968): Illuminate\Routing\Router->dispatchToRoute(Object(Illuminate\Http\Request))
#17 D:\wamp\www\laravel-builder\protected\vendor\laravel\framework\src\Illuminate\Foundation\Application.php(738): Illuminate\Routing\Router->dispatch(Object(Illuminate\Http\Request))
#18 D:\wamp\www\laravel-builder\protected\vendor\laravel\framework\src\Illuminate\Foundation\Application.php(708): Illuminate\Foundation\Application->dispatch(Object(Illuminate\Http\Request))
#19 D:\wamp\www\laravel-builder\protected\vendor\laravel\framework\src\Illuminate\Http\FrameGuard.php(38): Illuminate\Foundation\Application->handle(Object(Illuminate\Http\Request), 1, true)
#20 D:\wamp\www\laravel-builder\protected\vendor\laravel\framework\src\Illuminate\Session\Middleware.php(72): Illuminate\Http\FrameGuard->handle(Object(Illuminate\Http\Request), 1, true)
#21 D:\wamp\www\laravel-builder\protected\vendor\laravel\framework\src\Illuminate\Cookie\Queue.php(47): Illuminate\Session\Middleware->handle(Object(Illuminate\Http\Request), 1, true)
#22 D:\wamp\www\laravel-builder\protected\vendor\laravel\framework\src\Illuminate\Cookie\Guard.php(51): Illuminate\Cookie\Queue->handle(Object(Illuminate\Http\Request), 1, true)
#23 D:\wamp\www\laravel-builder\protected\vendor\stack\builder\src\Stack\StackedHttpKernel.php(23): Illuminate\Cookie\Guard->handle(Object(Illuminate\Http\Request), 1, true)
#24 D:\wamp\www\laravel-builder\protected\vendor\laravel\framework\src\Illuminate\Foundation\Application.php(606): Stack\StackedHttpKernel->handle(Object(Illuminate\Http\Request))
#25 D:\wamp\www\laravel-builder\index.php(49): Illuminate\Foundation\Application->run()
#26 {main} [] []
[2015-05-08 04:33:29] production.ERROR: exception 'Illuminate\Database\QueryException' with message 'SQLSTATE[42000]: Syntax error or access violation: 1064 Erreur de syntaxe près de '-builder' à la ligne 1 (SQL: SHOW TABLES FROM laravel-builder)' in D:\wamp\www\laravel-builder\protected\vendor\laravel\framework\src\Illuminate\Database\Connection.php:555
Stack trace:
#0 D:\wamp\www\laravel-builder\protected\vendor\laravel\framework\src\Illuminate\Database\Connection.php(283): Illuminate\Database\Connection->run('SHOW TABLES FRO...', Array, Object(Closure))
#1 [internal function]: Illuminate\Database\Connection->select('SHOW TABLES FRO...')
#2 D:\wamp\www\laravel-builder\protected\vendor\laravel\framework\src\Illuminate\Database\DatabaseManager.php(243): call_user_func_array(Array, Array)
#3 D:\wamp\www\laravel-builder\protected\vendor\laravel\framework\src\Illuminate\Support\Facades\Facade.php(208): Illuminate\Database\DatabaseManager->__call('select', Array)
#4 D:\wamp\www\laravel-builder\protected\vendor\laravel\framework\src\Illuminate\Support\Facades\Facade.php(208): Illuminate\Database\DatabaseManager->select('SHOW TABLES FRO...')
#5 D:\wamp\www\laravel-builder\protected\app\models\BaseModel.php(149): Illuminate\Support\Facades\Facade::__callStatic('select', Array)
#6 D:\wamp\www\laravel-builder\protected\app\models\BaseModel.php(149): Illuminate\Support\Facades\DB::select('SHOW TABLES FRO...')
#7 D:\wamp\www\laravel-builder\protected\app\controllers\ModuleController.php(200): BaseModel::getTableList('laravel-builder')
#8 [internal function]: ModuleController->getAdd()
#9 D:\wamp\www\laravel-builder\protected\vendor\laravel\framework\src\Illuminate\Routing\Controller.php(231): call_user_func_array(Array, Array)
#10 D:\wamp\www\laravel-builder\protected\vendor\laravel\framework\src\Illuminate\Routing\ControllerDispatcher.php(93): Illuminate\Routing\Controller->callAction('getAdd', Array)
#11 D:\wamp\www\laravel-builder\protected\vendor\laravel\framework\src\Illuminate\Routing\ControllerDispatcher.php(62): Illuminate\Routing\ControllerDispatcher->call(Object(ModuleController), Object(Illuminate\Routing\Route), 'getAdd')
#12 D:\wamp\www\laravel-builder\protected\vendor\laravel\framework\src\Illuminate\Routing\Router.php(934): Illuminate\Routing\ControllerDispatcher->dispatch(Object(Illuminate\Routing\Route), Object(Illuminate\Http\Request), 'ModuleControlle...', 'getAdd')
#13 [internal function]: Illuminate\Routing\Router->Illuminate\Routing\{closure}()
#14 D:\wamp\www\laravel-builder\protected\vendor\laravel\framework\src\Illuminate\Routing\Route.php(105): call_user_func_array(Object(Closure), Array)
#15 D:\wamp\www\laravel-builder\protected\vendor\laravel\framework\src\Illuminate\Routing\Router.php(1000): Illuminate\Routing\Route->run(Object(Illuminate\Http\Request))
#16 D:\wamp\www\laravel-builder\protected\vendor\laravel\framework\src\Illuminate\Routing\Router.php(968): Illuminate\Routing\Router->dispatchToRoute(Object(Illuminate\Http\Request))
#17 D:\wamp\www\laravel-builder\protected\vendor\laravel\framework\src\Illuminate\Foundation\Application.php(738): Illuminate\Routing\Router->dispatch(Object(Illuminate\Http\Request))
#18 D:\wamp\www\laravel-builder\protected\vendor\laravel\framework\src\Illuminate\Foundation\Application.php(708): Illuminate\Foundation\Application->dispatch(Object(Illuminate\Http\Request))
#19 D:\wamp\www\laravel-builder\protected\vendor\laravel\framework\src\Illuminate\Http\FrameGuard.php(38): Illuminate\Foundation\Application->handle(Object(Illuminate\Http\Request), 1, true)
#20 D:\wamp\www\laravel-builder\protected\vendor\laravel\framework\src\Illuminate\Session\Middleware.php(72): Illuminate\Http\FrameGuard->handle(Object(Illuminate\Http\Request), 1, true)
#21 D:\wamp\www\laravel-builder\protected\vendor\laravel\framework\src\Illuminate\Cookie\Queue.php(47): Illuminate\Session\Middleware->handle(Object(Illuminate\Http\Request), 1, true)
#22 D:\wamp\www\laravel-builder\protected\vendor\laravel\framework\src\Illuminate\Cookie\Guard.php(51): Illuminate\Cookie\Queue->handle(Object(Illuminate\Http\Request), 1, true)
#23 D:\wamp\www\laravel-builder\protected\vendor\stack\builder\src\Stack\StackedHttpKernel.php(23): Illuminate\Cookie\Guard->handle(Object(Illuminate\Http\Request), 1, true)
#24 D:\wamp\www\laravel-builder\protected\vendor\laravel\framework\src\Illuminate\Foundation\Application.php(606): Stack\StackedHttpKernel->handle(Object(Illuminate\Http\Request))
#25 D:\wamp\www\laravel-builder\index.php(49): Illuminate\Foundation\Application->run()
#26 {main} [] []
[2015-05-08 04:35:05] production.ERROR: exception 'Illuminate\Database\QueryException' with message 'SQLSTATE[42000]: Syntax error or access violation: 1064 Erreur de syntaxe près de '-builder' à la ligne 1 (SQL: SHOW TABLES FROM laravel-builder)' in D:\wamp\www\laravel-builder\protected\vendor\laravel\framework\src\Illuminate\Database\Connection.php:555
Stack trace:
#0 D:\wamp\www\laravel-builder\protected\vendor\laravel\framework\src\Illuminate\Database\Connection.php(283): Illuminate\Database\Connection->run('SHOW TABLES FRO...', Array, Object(Closure))
#1 [internal function]: Illuminate\Database\Connection->select('SHOW TABLES FRO...')
#2 D:\wamp\www\laravel-builder\protected\vendor\laravel\framework\src\Illuminate\Database\DatabaseManager.php(243): call_user_func_array(Array, Array)
#3 D:\wamp\www\laravel-builder\protected\vendor\laravel\framework\src\Illuminate\Support\Facades\Facade.php(208): Illuminate\Database\DatabaseManager->__call('select', Array)
#4 D:\wamp\www\laravel-builder\protected\vendor\laravel\framework\src\Illuminate\Support\Facades\Facade.php(208): Illuminate\Database\DatabaseManager->select('SHOW TABLES FRO...')
#5 D:\wamp\www\laravel-builder\protected\app\models\BaseModel.php(149): Illuminate\Support\Facades\Facade::__callStatic('select', Array)
#6 D:\wamp\www\laravel-builder\protected\app\models\BaseModel.php(149): Illuminate\Support\Facades\DB::select('SHOW TABLES FRO...')
#7 D:\wamp\www\laravel-builder\protected\app\controllers\ModuleController.php(200): BaseModel::getTableList('laravel-builder')
#8 [internal function]: ModuleController->getAdd()
#9 D:\wamp\www\laravel-builder\protected\vendor\laravel\framework\src\Illuminate\Routing\Controller.php(231): call_user_func_array(Array, Array)
#10 D:\wamp\www\laravel-builder\protected\vendor\laravel\framework\src\Illuminate\Routing\ControllerDispatcher.php(93): Illuminate\Routing\Controller->callAction('getAdd', Array)
#11 D:\wamp\www\laravel-builder\protected\vendor\laravel\framework\src\Illuminate\Routing\ControllerDispatcher.php(62): Illuminate\Routing\ControllerDispatcher->call(Object(ModuleController), Object(Illuminate\Routing\Route), 'getAdd')
#12 D:\wamp\www\laravel-builder\protected\vendor\laravel\framework\src\Illuminate\Routing\Router.php(934): Illuminate\Routing\ControllerDispatcher->dispatch(Object(Illuminate\Routing\Route), Object(Illuminate\Http\Request), 'ModuleControlle...', 'getAdd')
#13 [internal function]: Illuminate\Routing\Router->Illuminate\Routing\{closure}()
#14 D:\wamp\www\laravel-builder\protected\vendor\laravel\framework\src\Illuminate\Routing\Route.php(105): call_user_func_array(Object(Closure), Array)
#15 D:\wamp\www\laravel-builder\protected\vendor\laravel\framework\src\Illuminate\Routing\Router.php(1000): Illuminate\Routing\Route->run(Object(Illuminate\Http\Request))
#16 D:\wamp\www\laravel-builder\protected\vendor\laravel\framework\src\Illuminate\Routing\Router.php(968): Illuminate\Routing\Router->dispatchToRoute(Object(Illuminate\Http\Request))
#17 D:\wamp\www\laravel-builder\protected\vendor\laravel\framework\src\Illuminate\Foundation\Application.php(738): Illuminate\Routing\Router->dispatch(Object(Illuminate\Http\Request))
#18 D:\wamp\www\laravel-builder\protected\vendor\laravel\framework\src\Illuminate\Foundation\Application.php(708): Illuminate\Foundation\Application->dispatch(Object(Illuminate\Http\Request))
#19 D:\wamp\www\laravel-builder\protected\vendor\laravel\framework\src\Illuminate\Http\FrameGuard.php(38): Illuminate\Foundation\Application->handle(Object(Illuminate\Http\Request), 1, true)
#20 D:\wamp\www\laravel-builder\protected\vendor\laravel\framework\src\Illuminate\Session\Middleware.php(72): Illuminate\Http\FrameGuard->handle(Object(Illuminate\Http\Request), 1, true)
#21 D:\wamp\www\laravel-builder\protected\vendor\laravel\framework\src\Illuminate\Cookie\Queue.php(47): Illuminate\Session\Middleware->handle(Object(Illuminate\Http\Request), 1, true)
#22 D:\wamp\www\laravel-builder\protected\vendor\laravel\framework\src\Illuminate\Cookie\Guard.php(51): Illuminate\Cookie\Queue->handle(Object(Illuminate\Http\Request), 1, true)
#23 D:\wamp\www\laravel-builder\protected\vendor\stack\builder\src\Stack\StackedHttpKernel.php(23): Illuminate\Cookie\Guard->handle(Object(Illuminate\Http\Request), 1, true)
#24 D:\wamp\www\laravel-builder\protected\vendor\laravel\framework\src\Illuminate\Foundation\Application.php(606): Stack\StackedHttpKernel->handle(Object(Illuminate\Http\Request))
#25 D:\wamp\www\laravel-builder\index.php(49): Illuminate\Foundation\Application->run()
#26 {main} [] []
[2015-05-08 04:36:01] production.ERROR: exception 'Illuminate\Database\QueryException' with message 'SQLSTATE[42000]: Syntax error or access violation: 1064 Erreur de syntaxe près de '-builder' à la ligne 1 (SQL: SHOW TABLES FROM laravel-builder)' in D:\wamp\www\laravel-builder\protected\vendor\laravel\framework\src\Illuminate\Database\Connection.php:555
Stack trace:
#0 D:\wamp\www\laravel-builder\protected\vendor\laravel\framework\src\Illuminate\Database\Connection.php(283): Illuminate\Database\Connection->run('SHOW TABLES FRO...', Array, Object(Closure))
#1 [internal function]: Illuminate\Database\Connection->select('SHOW TABLES FRO...')
#2 D:\wamp\www\laravel-builder\protected\vendor\laravel\framework\src\Illuminate\Database\DatabaseManager.php(243): call_user_func_array(Array, Array)
#3 D:\wamp\www\laravel-builder\protected\vendor\laravel\framework\src\Illuminate\Support\Facades\Facade.php(208): Illuminate\Database\DatabaseManager->__call('select', Array)
#4 D:\wamp\www\laravel-builder\protected\vendor\laravel\framework\src\Illuminate\Support\Facades\Facade.php(208): Illuminate\Database\DatabaseManager->select('SHOW TABLES FRO...')
#5 D:\wamp\www\laravel-builder\protected\app\models\BaseModel.php(149): Illuminate\Support\Facades\Facade::__callStatic('select', Array)
#6 D:\wamp\www\laravel-builder\protected\app\models\BaseModel.php(149): Illuminate\Support\Facades\DB::select('SHOW TABLES FRO...')
#7 D:\wamp\www\laravel-builder\protected\app\controllers\ModuleController.php(200): BaseModel::getTableList('laravel-builder')
#8 [internal function]: ModuleController->getAdd()
#9 D:\wamp\www\laravel-builder\protected\vendor\laravel\framework\src\Illuminate\Routing\Controller.php(231): call_user_func_array(Array, Array)
#10 D:\wamp\www\laravel-builder\protected\vendor\laravel\framework\src\Illuminate\Routing\ControllerDispatcher.php(93): Illuminate\Routing\Controller->callAction('getAdd', Array)
#11 D:\wamp\www\laravel-builder\protected\vendor\laravel\framework\src\Illuminate\Routing\ControllerDispatcher.php(62): Illuminate\Routing\ControllerDispatcher->call(Object(ModuleController), Object(Illuminate\Routing\Route), 'getAdd')
#12 D:\wamp\www\laravel-builder\protected\vendor\laravel\framework\src\Illuminate\Routing\Router.php(934): Illuminate\Routing\ControllerDispatcher->dispatch(Object(Illuminate\Routing\Route), Object(Illuminate\Http\Request), 'ModuleControlle...', 'getAdd')
#13 [internal function]: Illuminate\Routing\Router->Illuminate\Routing\{closure}()
#14 D:\wamp\www\laravel-builder\protected\vendor\laravel\framework\src\Illuminate\Routing\Route.php(105): call_user_func_array(Object(Closure), Array)
#15 D:\wamp\www\laravel-builder\protected\vendor\laravel\framework\src\Illuminate\Routing\Router.php(1000): Illuminate\Routing\Route->run(Object(Illuminate\Http\Request))
#16 D:\wamp\www\laravel-builder\protected\vendor\laravel\framework\src\Illuminate\Routing\Router.php(968): Illuminate\Routing\Router->dispatchToRoute(Object(Illuminate\Http\Request))
#17 D:\wamp\www\laravel-builder\protected\vendor\laravel\framework\src\Illuminate\Foundation\Application.php(738): Illuminate\Routing\Router->dispatch(Object(Illuminate\Http\Request))
#18 D:\wamp\www\laravel-builder\protected\vendor\laravel\framework\src\Illuminate\Foundation\Application.php(708): Illuminate\Foundation\Application->dispatch(Object(Illuminate\Http\Request))
#19 D:\wamp\www\laravel-builder\protected\vendor\laravel\framework\src\Illuminate\Http\FrameGuard.php(38): Illuminate\Foundation\Application->handle(Object(Illuminate\Http\Request), 1, true)
#20 D:\wamp\www\laravel-builder\protected\vendor\laravel\framework\src\Illuminate\Session\Middleware.php(72): Illuminate\Http\FrameGuard->handle(Object(Illuminate\Http\Request), 1, true)
#21 D:\wamp\www\laravel-builder\protected\vendor\laravel\framework\src\Illuminate\Cookie\Queue.php(47): Illuminate\Session\Middleware->handle(Object(Illuminate\Http\Request), 1, true)
#22 D:\wamp\www\laravel-builder\protected\vendor\laravel\framework\src\Illuminate\Cookie\Guard.php(51): Illuminate\Cookie\Queue->handle(Object(Illuminate\Http\Request), 1, true)
#23 D:\wamp\www\laravel-builder\protected\vendor\stack\builder\src\Stack\StackedHttpKernel.php(23): Illuminate\Cookie\Guard->handle(Object(Illuminate\Http\Request), 1, true)
#24 D:\wamp\www\laravel-builder\protected\vendor\laravel\framework\src\Illuminate\Foundation\Application.php(606): Stack\StackedHttpKernel->handle(Object(Illuminate\Http\Request))
#25 D:\wamp\www\laravel-builder\index.php(49): Illuminate\Foundation\Application->run()
#26 {main} [] []
[2015-05-08 04:37:05] production.ERROR: exception 'Illuminate\Database\QueryException' with message 'SQLSTATE[42000]: Syntax error or access violation: 1064 Erreur de syntaxe près de '-builder' à la ligne 1 (SQL: SHOW TABLES FROM laravel-builder)' in D:\wamp\www\laravel-builder\protected\vendor\laravel\framework\src\Illuminate\Database\Connection.php:555
Stack trace:
#0 D:\wamp\www\laravel-builder\protected\vendor\laravel\framework\src\Illuminate\Database\Connection.php(283): Illuminate\Database\Connection->run('SHOW TABLES FRO...', Array, Object(Closure))
#1 [internal function]: Illuminate\Database\Connection->select('SHOW TABLES FRO...')
#2 D:\wamp\www\laravel-builder\protected\vendor\laravel\framework\src\Illuminate\Database\DatabaseManager.php(243): call_user_func_array(Array, Array)
#3 D:\wamp\www\laravel-builder\protected\vendor\laravel\framework\src\Illuminate\Support\Facades\Facade.php(208): Illuminate\Database\DatabaseManager->__call('select', Array)
#4 D:\wamp\www\laravel-builder\protected\vendor\laravel\framework\src\Illuminate\Support\Facades\Facade.php(208): Illuminate\Database\DatabaseManager->select('SHOW TABLES FRO...')
#5 D:\wamp\www\laravel-builder\protected\app\models\BaseModel.php(149): Illuminate\Support\Facades\Facade::__callStatic('select', Array)
#6 D:\wamp\www\laravel-builder\protected\app\models\BaseModel.php(149): Illuminate\Support\Facades\DB::select('SHOW TABLES FRO...')
#7 D:\wamp\www\laravel-builder\protected\app\controllers\ModuleController.php(1492): BaseModel::getTableList('laravel-builder')
#8 [internal function]: ModuleController->getSub('customer')
#9 D:\wamp\www\laravel-builder\protected\vendor\laravel\framework\src\Illuminate\Routing\Controller.php(231): call_user_func_array(Array, Array)
#10 D:\wamp\www\laravel-builder\protected\vendor\laravel\framework\src\Illuminate\Routing\ControllerDispatcher.php(93): Illuminate\Routing\Controller->callAction('getSub', Array)
#11 D:\wamp\www\laravel-builder\protected\vendor\laravel\framework\src\Illuminate\Routing\ControllerDispatcher.php(62): Illuminate\Routing\ControllerDispatcher->call(Object(ModuleController), Object(Illuminate\Routing\Route), 'getSub')
#12 D:\wamp\www\laravel-builder\protected\vendor\laravel\framework\src\Illuminate\Routing\Router.php(934): Illuminate\Routing\ControllerDispatcher->dispatch(Object(Illuminate\Routing\Route), Object(Illuminate\Http\Request), 'ModuleControlle...', 'getSub')
#13 [internal function]: Illuminate\Routing\Router->Illuminate\Routing\{closure}('customer')
#14 D:\wamp\www\laravel-builder\protected\vendor\laravel\framework\src\Illuminate\Routing\Route.php(105): call_user_func_array(Object(Closure), Array)
#15 D:\wamp\www\laravel-builder\protected\vendor\laravel\framework\src\Illuminate\Routing\Router.php(1000): Illuminate\Routing\Route->run(Object(Illuminate\Http\Request))
#16 D:\wamp\www\laravel-builder\protected\vendor\laravel\framework\src\Illuminate\Routing\Router.php(968): Illuminate\Routing\Router->dispatchToRoute(Object(Illuminate\Http\Request))
#17 D:\wamp\www\laravel-builder\protected\vendor\laravel\framework\src\Illuminate\Foundation\Application.php(738): Illuminate\Routing\Router->dispatch(Object(Illuminate\Http\Request))
#18 D:\wamp\www\laravel-builder\protected\vendor\laravel\framework\src\Illuminate\Foundation\Application.php(708): Illuminate\Foundation\Application->dispatch(Object(Illuminate\Http\Request))
#19 D:\wamp\www\laravel-builder\protected\vendor\laravel\framework\src\Illuminate\Http\FrameGuard.php(38): Illuminate\Foundation\Application->handle(Object(Illuminate\Http\Request), 1, true)
#20 D:\wamp\www\laravel-builder\protected\vendor\laravel\framework\src\Illuminate\Session\Middleware.php(72): Illuminate\Http\FrameGuard->handle(Object(Illuminate\Http\Request), 1, true)
#21 D:\wamp\www\laravel-builder\protected\vendor\laravel\framework\src\Illuminate\Cookie\Queue.php(47): Illuminate\Session\Middleware->handle(Object(Illuminate\Http\Request), 1, true)
#22 D:\wamp\www\laravel-builder\protected\vendor\laravel\framework\src\Illuminate\Cookie\Guard.php(51): Illuminate\Cookie\Queue->handle(Object(Illuminate\Http\Request), 1, true)
#23 D:\wamp\www\laravel-builder\protected\vendor\stack\builder\src\Stack\StackedHttpKernel.php(23): Illuminate\Cookie\Guard->handle(Object(Illuminate\Http\Request), 1, true)
#24 D:\wamp\www\laravel-builder\protected\vendor\laravel\framework\src\Illuminate\Foundation\Application.php(606): Stack\StackedHttpKernel->handle(Object(Illuminate\Http\Request))
#25 D:\wamp\www\laravel-builder\index.php(49): Illuminate\Foundation\Application->run()
#26 {main} [] []
[2015-05-08 04:37:17] production.ERROR: exception 'Illuminate\Database\QueryException' with message 'SQLSTATE[42000]: Syntax error or access violation: 1064 Erreur de syntaxe près de '-builder' à la ligne 1 (SQL: SHOW TABLES FROM laravel-builder)' in D:\wamp\www\laravel-builder\protected\vendor\laravel\framework\src\Illuminate\Database\Connection.php:555
Stack trace:
#0 D:\wamp\www\laravel-builder\protected\vendor\laravel\framework\src\Illuminate\Database\Connection.php(283): Illuminate\Database\Connection->run('SHOW TABLES FRO...', Array, Object(Closure))
#1 [internal function]: Illuminate\Database\Connection->select('SHOW TABLES FRO...')
#2 D:\wamp\www\laravel-builder\protected\vendor\laravel\framework\src\Illuminate\Database\DatabaseManager.php(243): call_user_func_array(Array, Array)
#3 D:\wamp\www\laravel-builder\protected\vendor\laravel\framework\src\Illuminate\Support\Facades\Facade.php(208): Illuminate\Database\DatabaseManager->__call('select', Array)
#4 D:\wamp\www\laravel-builder\protected\vendor\laravel\framework\src\Illuminate\Support\Facades\Facade.php(208): Illuminate\Database\DatabaseManager->select('SHOW TABLES FRO...')
#5 D:\wamp\www\laravel-builder\protected\app\models\BaseModel.php(149): Illuminate\Support\Facades\Facade::__callStatic('select', Array)
#6 D:\wamp\www\laravel-builder\protected\app\models\BaseModel.php(149): Illuminate\Support\Facades\DB::select('SHOW TABLES FRO...')
#7 D:\wamp\www\laravel-builder\protected\app\controllers\ModuleController.php(1492): BaseModel::getTableList('laravel-builder')
#8 [internal function]: ModuleController->getSub('customer')
#9 D:\wamp\www\laravel-builder\protected\vendor\laravel\framework\src\Illuminate\Routing\Controller.php(231): call_user_func_array(Array, Array)
#10 D:\wamp\www\laravel-builder\protected\vendor\laravel\framework\src\Illuminate\Routing\ControllerDispatcher.php(93): Illuminate\Routing\Controller->callAction('getSub', Array)
#11 D:\wamp\www\laravel-builder\protected\vendor\laravel\framework\src\Illuminate\Routing\ControllerDispatcher.php(62): Illuminate\Routing\ControllerDispatcher->call(Object(ModuleController), Object(Illuminate\Routing\Route), 'getSub')
#12 D:\wamp\www\laravel-builder\protected\vendor\laravel\framework\src\Illuminate\Routing\Router.php(934): Illuminate\Routing\ControllerDispatcher->dispatch(Object(Illuminate\Routing\Route), Object(Illuminate\Http\Request), 'ModuleControlle...', 'getSub')
#13 [internal function]: Illuminate\Routing\Router->Illuminate\Routing\{closure}('customer')
#14 D:\wamp\www\laravel-builder\protected\vendor\laravel\framework\src\Illuminate\Routing\Route.php(105): call_user_func_array(Object(Closure), Array)
#15 D:\wamp\www\laravel-builder\protected\vendor\laravel\framework\src\Illuminate\Routing\Router.php(1000): Illuminate\Routing\Route->run(Object(Illuminate\Http\Request))
#16 D:\wamp\www\laravel-builder\protected\vendor\laravel\framework\src\Illuminate\Routing\Router.php(968): Illuminate\Routing\Router->dispatchToRoute(Object(Illuminate\Http\Request))
#17 D:\wamp\www\laravel-builder\protected\vendor\laravel\framework\src\Illuminate\Foundation\Application.php(738): Illuminate\Routing\Router->dispatch(Object(Illuminate\Http\Request))
#18 D:\wamp\www\laravel-builder\protected\vendor\laravel\framework\src\Illuminate\Foundation\Application.php(708): Illuminate\Foundation\Application->dispatch(Object(Illuminate\Http\Request))
#19 D:\wamp\www\laravel-builder\protected\vendor\laravel\framework\src\Illuminate\Http\FrameGuard.php(38): Illuminate\Foundation\Application->handle(Object(Illuminate\Http\Request), 1, true)
#20 D:\wamp\www\laravel-builder\protected\vendor\laravel\framework\src\Illuminate\Session\Middleware.php(72): Illuminate\Http\FrameGuard->handle(Object(Illuminate\Http\Request), 1, true)
#21 D:\wamp\www\laravel-builder\protected\vendor\laravel\framework\src\Illuminate\Cookie\Queue.php(47): Illuminate\Session\Middleware->handle(Object(Illuminate\Http\Request), 1, true)
#22 D:\wamp\www\laravel-builder\protected\vendor\laravel\framework\src\Illuminate\Cookie\Guard.php(51): Illuminate\Cookie\Queue->handle(Object(Illuminate\Http\Request), 1, true)
#23 D:\wamp\www\laravel-builder\protected\vendor\stack\builder\src\Stack\StackedHttpKernel.php(23): Illuminate\Cookie\Guard->handle(Object(Illuminate\Http\Request), 1, true)
#24 D:\wamp\www\laravel-builder\protected\vendor\laravel\framework\src\Illuminate\Foundation\Application.php(606): Stack\StackedHttpKernel->handle(Object(Illuminate\Http\Request))
#25 D:\wamp\www\laravel-builder\index.php(49): Illuminate\Foundation\Application->run()
#26 {main} [] []
[2015-05-08 04:38:11] production.ERROR: exception 'Illuminate\Database\QueryException' with message 'SQLSTATE[42000]: Syntax error or access violation: 1064 Erreur de syntaxe près de '-builder' à la ligne 1 (SQL: SHOW TABLES FROM laravel-builder)' in D:\wamp\www\laravel-builder\protected\vendor\laravel\framework\src\Illuminate\Database\Connection.php:555
Stack trace:
#0 D:\wamp\www\laravel-builder\protected\vendor\laravel\framework\src\Illuminate\Database\Connection.php(283): Illuminate\Database\Connection->run('SHOW TABLES FRO...', Array, Object(Closure))
#1 [internal function]: Illuminate\Database\Connection->select('SHOW TABLES FRO...')
#2 D:\wamp\www\laravel-builder\protected\vendor\laravel\framework\src\Illuminate\Database\DatabaseManager.php(243): call_user_func_array(Array, Array)
#3 D:\wamp\www\laravel-builder\protected\vendor\laravel\framework\src\Illuminate\Support\Facades\Facade.php(208): Illuminate\Database\DatabaseManager->__call('select', Array)
#4 D:\wamp\www\laravel-builder\protected\vendor\laravel\framework\src\Illuminate\Support\Facades\Facade.php(208): Illuminate\Database\DatabaseManager->select('SHOW TABLES FRO...')
#5 D:\wamp\www\laravel-builder\protected\app\models\BaseModel.php(149): Illuminate\Support\Facades\Facade::__callStatic('select', Array)
#6 D:\wamp\www\laravel-builder\protected\app\models\BaseModel.php(149): Illuminate\Support\Facades\DB::select('SHOW TABLES FRO...')
#7 D:\wamp\www\laravel-builder\protected\app\controllers\ModuleController.php(200): BaseModel::getTableList('laravel-builder')
#8 [internal function]: ModuleController->getAdd()
#9 D:\wamp\www\laravel-builder\protected\vendor\laravel\framework\src\Illuminate\Routing\Controller.php(231): call_user_func_array(Array, Array)
#10 D:\wamp\www\laravel-builder\protected\vendor\laravel\framework\src\Illuminate\Routing\ControllerDispatcher.php(93): Illuminate\Routing\Controller->callAction('getAdd', Array)
#11 D:\wamp\www\laravel-builder\protected\vendor\laravel\framework\src\Illuminate\Routing\ControllerDispatcher.php(62): Illuminate\Routing\ControllerDispatcher->call(Object(ModuleController), Object(Illuminate\Routing\Route), 'getAdd')
#12 D:\wamp\www\laravel-builder\protected\vendor\laravel\framework\src\Illuminate\Routing\Router.php(934): Illuminate\Routing\ControllerDispatcher->dispatch(Object(Illuminate\Routing\Route), Object(Illuminate\Http\Request), 'ModuleControlle...', 'getAdd')
#13 [internal function]: Illuminate\Routing\Router->Illuminate\Routing\{closure}()
#14 D:\wamp\www\laravel-builder\protected\vendor\laravel\framework\src\Illuminate\Routing\Route.php(105): call_user_func_array(Object(Closure), Array)
#15 D:\wamp\www\laravel-builder\protected\vendor\laravel\framework\src\Illuminate\Routing\Router.php(1000): Illuminate\Routing\Route->run(Object(Illuminate\Http\Request))
#16 D:\wamp\www\laravel-builder\protected\vendor\laravel\framework\src\Illuminate\Routing\Router.php(968): Illuminate\Routing\Router->dispatchToRoute(Object(Illuminate\Http\Request))
#17 D:\wamp\www\laravel-builder\protected\vendor\laravel\framework\src\Illuminate\Foundation\Application.php(738): Illuminate\Routing\Router->dispatch(Object(Illuminate\Http\Request))
#18 D:\wamp\www\laravel-builder\protected\vendor\laravel\framework\src\Illuminate\Foundation\Application.php(708): Illuminate\Foundation\Application->dispatch(Object(Illuminate\Http\Request))
#19 D:\wamp\www\laravel-builder\protected\vendor\laravel\framework\src\Illuminate\Http\FrameGuard.php(38): Illuminate\Foundation\Application->handle(Object(Illuminate\Http\Request), 1, true)
#20 D:\wamp\www\laravel-builder\protected\vendor\laravel\framework\src\Illuminate\Session\Middleware.php(72): Illuminate\Http\FrameGuard->handle(Object(Illuminate\Http\Request), 1, true)
#21 D:\wamp\www\laravel-builder\protected\vendor\laravel\framework\src\Illuminate\Cookie\Queue.php(47): Illuminate\Session\Middleware->handle(Object(Illuminate\Http\Request), 1, true)
#22 D:\wamp\www\laravel-builder\protected\vendor\laravel\framework\src\Illuminate\Cookie\Guard.php(51): Illuminate\Cookie\Queue->handle(Object(Illuminate\Http\Request), 1, true)
#23 D:\wamp\www\laravel-builder\protected\vendor\stack\builder\src\Stack\StackedHttpKernel.php(23): Illuminate\Cookie\Guard->handle(Object(Illuminate\Http\Request), 1, true)
#24 D:\wamp\www\laravel-builder\protected\vendor\laravel\framework\src\Illuminate\Foundation\Application.php(606): Stack\StackedHttpKernel->handle(Object(Illuminate\Http\Request))
#25 D:\wamp\www\laravel-builder\index.php(49): Illuminate\Foundation\Application->run()
#26 {main} [] []
[2015-05-08 04:41:10] production.ERROR: exception 'ErrorException' with message 'Undefined offset: 1' in D:\wamp\www\laravel-builder\protected\app\library\SiteHelpers.php:163
Stack trace:
#0 D:\wamp\www\laravel-builder\protected\app\library\SiteHelpers.php(163): Illuminate\Exception\Handler->handleError(8, 'Undefined offse...', 'D:\\wamp\\www\\lar...', 163, Array)
#1 D:\wamp\www\laravel-builder\protected\app\controllers\PagesController.php(91): SiteHelpers::encryptID('{{asset('upload...', true)
#2 [internal function]: PagesController->getAdd('{{asset('upload...', 'images', 'schema.png')}}')
#3 D:\wamp\www\laravel-builder\protected\vendor\laravel\framework\src\Illuminate\Routing\Controller.php(231): call_user_func_array(Array, Array)
#4 D:\wamp\www\laravel-builder\protected\vendor\laravel\framework\src\Illuminate\Routing\ControllerDispatcher.php(93): Illuminate\Routing\Controller->callAction('getAdd', Array)
#5 D:\wamp\www\laravel-builder\protected\vendor\laravel\framework\src\Illuminate\Routing\ControllerDispatcher.php(62): Illuminate\Routing\ControllerDispatcher->call(Object(PagesController), Object(Illuminate\Routing\Route), 'getAdd')
#6 D:\wamp\www\laravel-builder\protected\vendor\laravel\framework\src\Illuminate\Routing\Router.php(934): Illuminate\Routing\ControllerDispatcher->dispatch(Object(Illuminate\Routing\Route), Object(Illuminate\Http\Request), 'PagesController', 'getAdd')
#7 [internal function]: Illuminate\Routing\Router->Illuminate\Routing\{closure}('{{asset('upload...', 'images', 'schema.png')}}')
#8 D:\wamp\www\laravel-builder\protected\vendor\laravel\framework\src\Illuminate\Routing\Route.php(105): call_user_func_array(Object(Closure), Array)
#9 D:\wamp\www\laravel-builder\protected\vendor\laravel\framework\src\Illuminate\Routing\Router.php(1000): Illuminate\Routing\Route->run(Object(Illuminate\Http\Request))
#10 D:\wamp\www\laravel-builder\protected\vendor\laravel\framework\src\Illuminate\Routing\Router.php(968): Illuminate\Routing\Router->dispatchToRoute(Object(Illuminate\Http\Request))
#11 D:\wamp\www\laravel-builder\protected\vendor\laravel\framework\src\Illuminate\Foundation\Application.php(738): Illuminate\Routing\Router->dispatch(Object(Illuminate\Http\Request))
#12 D:\wamp\www\laravel-builder\protected\vendor\laravel\framework\src\Illuminate\Foundation\Application.php(708): Illuminate\Foundation\Application->dispatch(Object(Illuminate\Http\Request))
#13 D:\wamp\www\laravel-builder\protected\vendor\laravel\framework\src\Illuminate\Http\FrameGuard.php(38): Illuminate\Foundation\Application->handle(Object(Illuminate\Http\Request), 1, true)
#14 D:\wamp\www\laravel-builder\protected\vendor\laravel\framework\src\Illuminate\Session\Middleware.php(72): Illuminate\Http\FrameGuard->handle(Object(Illuminate\Http\Request), 1, true)
#15 D:\wamp\www\laravel-builder\protected\vendor\laravel\framework\src\Illuminate\Cookie\Queue.php(47): Illuminate\Session\Middleware->handle(Object(Illuminate\Http\Request), 1, true)
#16 D:\wamp\www\laravel-builder\protected\vendor\laravel\framework\src\Illuminate\Cookie\Guard.php(51): Illuminate\Cookie\Queue->handle(Object(Illuminate\Http\Request), 1, true)
#17 D:\wamp\www\laravel-builder\protected\vendor\stack\builder\src\Stack\StackedHttpKernel.php(23): Illuminate\Cookie\Guard->handle(Object(Illuminate\Http\Request), 1, true)
#18 D:\wamp\www\laravel-builder\protected\vendor\laravel\framework\src\Illuminate\Foundation\Application.php(606): Stack\StackedHttpKernel->handle(Object(Illuminate\Http\Request))
#19 D:\wamp\www\laravel-builder\index.php(49): Illuminate\Foundation\Application->run()
#20 {main} [] []
[2015-05-08 04:43:00] production.ERROR: exception 'ErrorException' with message 'Undefined offset: 1' in D:\wamp\www\laravel-builder\protected\app\library\SiteHelpers.php:163
Stack trace:
#0 D:\wamp\www\laravel-builder\protected\app\library\SiteHelpers.php(163): Illuminate\Exception\Handler->handleError(8, 'Undefined offse...', 'D:\\wamp\\www\\lar...', 163, Array)
#1 D:\wamp\www\laravel-builder\protected\app\controllers\PagesController.php(91): SiteHelpers::encryptID('{{asset('upload...', true)
#2 [internal function]: PagesController->getAdd('{{asset('upload...', 'images', 'schema.png')}}')
#3 D:\wamp\www\laravel-builder\protected\vendor\laravel\framework\src\Illuminate\Routing\Controller.php(231): call_user_func_array(Array, Array)
#4 D:\wamp\www\laravel-builder\protected\vendor\laravel\framework\src\Illuminate\Routing\ControllerDispatcher.php(93): Illuminate\Routing\Controller->callAction('getAdd', Array)
#5 D:\wamp\www\laravel-builder\protected\vendor\laravel\framework\src\Illuminate\Routing\ControllerDispatcher.php(62): Illuminate\Routing\ControllerDispatcher->call(Object(PagesController), Object(Illuminate\Routing\Route), 'getAdd')
#6 D:\wamp\www\laravel-builder\protected\vendor\laravel\framework\src\Illuminate\Routing\Router.php(934): Illuminate\Routing\ControllerDispatcher->dispatch(Object(Illuminate\Routing\Route), Object(Illuminate\Http\Request), 'PagesController', 'getAdd')
#7 [internal function]: Illuminate\Routing\Router->Illuminate\Routing\{closure}('{{asset('upload...', 'images', 'schema.png')}}')
#8 D:\wamp\www\laravel-builder\protected\vendor\laravel\framework\src\Illuminate\Routing\Route.php(105): call_user_func_array(Object(Closure), Array)
#9 D:\wamp\www\laravel-builder\protected\vendor\laravel\framework\src\Illuminate\Routing\Router.php(1000): Illuminate\Routing\Route->run(Object(Illuminate\Http\Request))
#10 D:\wamp\www\laravel-builder\protected\vendor\laravel\framework\src\Illuminate\Routing\Router.php(968): Illuminate\Routing\Router->dispatchToRoute(Object(Illuminate\Http\Request))
#11 D:\wamp\www\laravel-builder\protected\vendor\laravel\framework\src\Illuminate\Foundation\Application.php(738): Illuminate\Routing\Router->dispatch(Object(Illuminate\Http\Request))
#12 D:\wamp\www\laravel-builder\protected\vendor\laravel\framework\src\Illuminate\Foundation\Application.php(708): Illuminate\Foundation\Application->dispatch(Object(Illuminate\Http\Request))
#13 D:\wamp\www\laravel-builder\protected\vendor\laravel\framework\src\Illuminate\Http\FrameGuard.php(38): Illuminate\Foundation\Application->handle(Object(Illuminate\Http\Request), 1, true)
#14 D:\wamp\www\laravel-builder\protected\vendor\laravel\framework\src\Illuminate\Session\Middleware.php(72): Illuminate\Http\FrameGuard->handle(Object(Illuminate\Http\Request), 1, true)
#15 D:\wamp\www\laravel-builder\protected\vendor\laravel\framework\src\Illuminate\Cookie\Queue.php(47): Illuminate\Session\Middleware->handle(Object(Illuminate\Http\Request), 1, true)
#16 D:\wamp\www\laravel-builder\protected\vendor\laravel\framework\src\Illuminate\Cookie\Guard.php(51): Illuminate\Cookie\Queue->handle(Object(Illuminate\Http\Request), 1, true)
#17 D:\wamp\www\laravel-builder\protected\vendor\stack\builder\src\Stack\StackedHttpKernel.php(23): Illuminate\Cookie\Guard->handle(Object(Illuminate\Http\Request), 1, true)
#18 D:\wamp\www\laravel-builder\protected\vendor\laravel\framework\src\Illuminate\Foundation\Application.php(606): Stack\StackedHttpKernel->handle(Object(Illuminate\Http\Request))
#19 D:\wamp\www\laravel-builder\index.php(49): Illuminate\Foundation\Application->run()
#20 {main} [] []
[2015-05-08 06:23:04] production.ERROR: exception 'ReflectionException' with message 'Class EventcalendarController does not exist' in D:\wamp\www\laravel-builder\protected\vendor\laravel\framework\src\Illuminate\Routing\ControllerInspector.php:28
Stack trace:
#0 D:\wamp\www\laravel-builder\protected\vendor\laravel\framework\src\Illuminate\Routing\ControllerInspector.php(28): ReflectionClass->__construct('EventcalendarCo...')
#1 D:\wamp\www\laravel-builder\protected\vendor\laravel\framework\src\Illuminate\Routing\Router.php(269): Illuminate\Routing\ControllerInspector->getRoutable('EventcalendarCo...', 'eventcalendar')
#2 D:\wamp\www\laravel-builder\protected\vendor\laravel\framework\src\Illuminate\Support\Facades\Facade.php(211): Illuminate\Routing\Router->controller('eventcalendar', 'EventcalendarCo...')
#3 D:\wamp\www\laravel-builder\protected\app\moduleroutes.php(2): Illuminate\Support\Facades\Facade::__callStatic('controller', Array)
#4 D:\wamp\www\laravel-builder\protected\app\moduleroutes.php(2): Illuminate\Support\Facades\Route::controller('eventcalendar', 'EventcalendarCo...')
#5 D:\wamp\www\laravel-builder\protected\app\routes.php(47): include('D:\\wamp\\www\\lar...')
#6 [internal function]: {closure}(Object(Illuminate\Routing\Router))
#7 D:\wamp\www\laravel-builder\protected\vendor\laravel\framework\src\Illuminate\Routing\Router.php(679): call_user_func(Object(Closure), Object(Illuminate\Routing\Router))
#8 D:\wamp\www\laravel-builder\protected\vendor\laravel\framework\src\Illuminate\Support\Facades\Facade.php(211): Illuminate\Routing\Router->group(Array, Object(Closure))
#9 D:\wamp\www\laravel-builder\protected\app\routes.php(48): Illuminate\Support\Facades\Facade::__callStatic('group', Array)
#10 D:\wamp\www\laravel-builder\protected\app\routes.php(48): Illuminate\Support\Facades\Route::group(Array, Object(Closure))
#11 D:\wamp\www\laravel-builder\protected\vendor\laravel\framework\src\Illuminate\Foundation\start.php(269): require('D:\\wamp\\www\\lar...')
#12 [internal function]: {closure}(Object(Illuminate\Foundation\Application))
#13 D:\wamp\www\laravel-builder\protected\vendor\laravel\framework\src\Illuminate\Foundation\Application.php(792): call_user_func(Object(Closure), Object(Illuminate\Foundation\Application))
#14 D:\wamp\www\laravel-builder\protected\vendor\laravel\framework\src\Illuminate\Foundation\Application.php(569): Illuminate\Foundation\Application->fireAppCallbacks(Array)
#15 D:\wamp\www\laravel-builder\protected\vendor\laravel\framework\src\Illuminate\Foundation\Application.php(552): Illuminate\Foundation\Application->bootApplication()
#16 D:\wamp\www\laravel-builder\protected\vendor\laravel\framework\src\Illuminate\Foundation\Application.php(706): Illuminate\Foundation\Application->boot()
#17 D:\wamp\www\laravel-builder\protected\vendor\laravel\framework\src\Illuminate\Http\FrameGuard.php(38): Illuminate\Foundation\Application->handle(Object(Illuminate\Http\Request), 1, true)
#18 D:\wamp\www\laravel-builder\protected\vendor\laravel\framework\src\Illuminate\Session\Middleware.php(72): Illuminate\Http\FrameGuard->handle(Object(Illuminate\Http\Request), 1, true)
#19 D:\wamp\www\laravel-builder\protected\vendor\laravel\framework\src\Illuminate\Cookie\Queue.php(47): Illuminate\Session\Middleware->handle(Object(Illuminate\Http\Request), 1, true)
#20 D:\wamp\www\laravel-builder\protected\vendor\laravel\framework\src\Illuminate\Cookie\Guard.php(51): Illuminate\Cookie\Queue->handle(Object(Illuminate\Http\Request), 1, true)
#21 D:\wamp\www\laravel-builder\protected\vendor\stack\builder\src\Stack\StackedHttpKernel.php(23): Illuminate\Cookie\Guard->handle(Object(Illuminate\Http\Request), 1, true)
#22 D:\wamp\www\laravel-builder\protected\vendor\laravel\framework\src\Illuminate\Foundation\Application.php(606): Stack\StackedHttpKernel->handle(Object(Illuminate\Http\Request))
#23 D:\wamp\www\laravel-builder\index.php(49): Illuminate\Foundation\Application->run()
#24 {main} [] []
[2015-05-08 06:55:33] production.ERROR: exception 'Symfony\Component\HttpKernel\Exception\NotFoundHttpException' in D:\wamp\www\laravel-builder\protected\vendor\laravel\framework\src\Illuminate\Routing\RouteCollection.php:140
Stack trace:
#0 D:\wamp\www\laravel-builder\protected\vendor\laravel\framework\src\Illuminate\Routing\Router.php(1021): Illuminate\Routing\RouteCollection->match(Object(Illuminate\Http\Request))
#1 D:\wamp\www\laravel-builder\protected\vendor\laravel\framework\src\Illuminate\Routing\Router.php(989): Illuminate\Routing\Router->findRoute(Object(Illuminate\Http\Request))
#2 D:\wamp\www\laravel-builder\protected\vendor\laravel\framework\src\Illuminate\Routing\Router.php(968): Illuminate\Routing\Router->dispatchToRoute(Object(Illuminate\Http\Request))
#3 D:\wamp\www\laravel-builder\protected\vendor\laravel\framework\src\Illuminate\Foundation\Application.php(738): Illuminate\Routing\Router->dispatch(Object(Illuminate\Http\Request))
#4 D:\wamp\www\laravel-builder\protected\vendor\laravel\framework\src\Illuminate\Foundation\Application.php(708): Illuminate\Foundation\Application->dispatch(Object(Illuminate\Http\Request))
#5 D:\wamp\www\laravel-builder\protected\vendor\laravel\framework\src\Illuminate\Http\FrameGuard.php(38): Illuminate\Foundation\Application->handle(Object(Illuminate\Http\Request), 1, true)
#6 D:\wamp\www\laravel-builder\protected\vendor\laravel\framework\src\Illuminate\Session\Middleware.php(72): Illuminate\Http\FrameGuard->handle(Object(Illuminate\Http\Request), 1, true)
#7 D:\wamp\www\laravel-builder\protected\vendor\laravel\framework\src\Illuminate\Cookie\Queue.php(47): Illuminate\Session\Middleware->handle(Object(Illuminate\Http\Request), 1, true)
#8 D:\wamp\www\laravel-builder\protected\vendor\laravel\framework\src\Illuminate\Cookie\Guard.php(51): Illuminate\Cookie\Queue->handle(Object(Illuminate\Http\Request), 1, true)
#9 D:\wamp\www\laravel-builder\protected\vendor\stack\builder\src\Stack\StackedHttpKernel.php(23): Illuminate\Cookie\Guard->handle(Object(Illuminate\Http\Request), 1, true)
#10 D:\wamp\www\laravel-builder\protected\vendor\laravel\framework\src\Illuminate\Foundation\Application.php(606): Stack\StackedHttpKernel->handle(Object(Illuminate\Http\Request))
#11 D:\wamp\www\laravel-builder\index.php(49): Illuminate\Foundation\Application->run()
#12 {main} [] []
[2015-05-08 08:24:01] production.ERROR: exception 'Symfony\Component\HttpKernel\Exception\NotFoundHttpException' in D:\wamp\www\laravel-builder\protected\vendor\laravel\framework\src\Illuminate\Routing\RouteCollection.php:140
Stack trace:
#0 D:\wamp\www\laravel-builder\protected\vendor\laravel\framework\src\Illuminate\Routing\Router.php(1021): Illuminate\Routing\RouteCollection->match(Object(Illuminate\Http\Request))
#1 D:\wamp\www\laravel-builder\protected\vendor\laravel\framework\src\Illuminate\Routing\Router.php(989): Illuminate\Routing\Router->findRoute(Object(Illuminate\Http\Request))
#2 D:\wamp\www\laravel-builder\protected\vendor\laravel\framework\src\Illuminate\Routing\Router.php(968): Illuminate\Routing\Router->dispatchToRoute(Object(Illuminate\Http\Request))
#3 D:\wamp\www\laravel-builder\protected\vendor\laravel\framework\src\Illuminate\Foundation\Application.php(738): Illuminate\Routing\Router->dispatch(Object(Illuminate\Http\Request))
#4 D:\wamp\www\laravel-builder\protected\vendor\laravel\framework\src\Illuminate\Foundation\Application.php(708): Illuminate\Foundation\Application->dispatch(Object(Illuminate\Http\Request))
#5 D:\wamp\www\laravel-builder\protected\vendor\laravel\framework\src\Illuminate\Http\FrameGuard.php(38): Illuminate\Foundation\Application->handle(Object(Illuminate\Http\Request), 1, true)
#6 D:\wamp\www\laravel-builder\protected\vendor\laravel\framework\src\Illuminate\Session\Middleware.php(72): Illuminate\Http\FrameGuard->handle(Object(Illuminate\Http\Request), 1, true)
#7 D:\wamp\www\laravel-builder\protected\vendor\laravel\framework\src\Illuminate\Cookie\Queue.php(47): Illuminate\Session\Middleware->handle(Object(Illuminate\Http\Request), 1, true)
#8 D:\wamp\www\laravel-builder\protected\vendor\laravel\framework\src\Illuminate\Cookie\Guard.php(51): Illuminate\Cookie\Queue->handle(Object(Illuminate\Http\Request), 1, true)
#9 D:\wamp\www\laravel-builder\protected\vendor\stack\builder\src\Stack\StackedHttpKernel.php(23): Illuminate\Cookie\Guard->handle(Object(Illuminate\Http\Request), 1, true)
#10 D:\wamp\www\laravel-builder\protected\vendor\laravel\framework\src\Illuminate\Foundation\Application.php(606): Stack\StackedHttpKernel->handle(Object(Illuminate\Http\Request))
#11 D:\wamp\www\laravel-builder\index.php(49): Illuminate\Foundation\Application->run()
#12 {main} [] []
[2015-05-08 09:21:38] production.ERROR: exception 'Symfony\Component\HttpKernel\Exception\NotFoundHttpException' in D:\wamp\www\laravel-builder\protected\vendor\laravel\framework\src\Illuminate\Routing\RouteCollection.php:140
Stack trace:
#0 D:\wamp\www\laravel-builder\protected\vendor\laravel\framework\src\Illuminate\Routing\Router.php(1021): Illuminate\Routing\RouteCollection->match(Object(Illuminate\Http\Request))
#1 D:\wamp\www\laravel-builder\protected\vendor\laravel\framework\src\Illuminate\Routing\Router.php(989): Illuminate\Routing\Router->findRoute(Object(Illuminate\Http\Request))
#2 D:\wamp\www\laravel-builder\protected\vendor\laravel\framework\src\Illuminate\Routing\Router.php(968): Illuminate\Routing\Router->dispatchToRoute(Object(Illuminate\Http\Request))
#3 D:\wamp\www\laravel-builder\protected\vendor\laravel\framework\src\Illuminate\Foundation\Application.php(738): Illuminate\Routing\Router->dispatch(Object(Illuminate\Http\Request))
#4 D:\wamp\www\laravel-builder\protected\vendor\laravel\framework\src\Illuminate\Foundation\Application.php(708): Illuminate\Foundation\Application->dispatch(Object(Illuminate\Http\Request))
#5 D:\wamp\www\laravel-builder\protected\vendor\laravel\framework\src\Illuminate\Http\FrameGuard.php(38): Illuminate\Foundation\Application->handle(Object(Illuminate\Http\Request), 1, true)
#6 D:\wamp\www\laravel-builder\protected\vendor\laravel\framework\src\Illuminate\Session\Middleware.php(72): Illuminate\Http\FrameGuard->handle(Object(Illuminate\Http\Request), 1, true)
#7 D:\wamp\www\laravel-builder\protected\vendor\laravel\framework\src\Illuminate\Cookie\Queue.php(47): Illuminate\Session\Middleware->handle(Object(Illuminate\Http\Request), 1, true)
#8 D:\wamp\www\laravel-builder\protected\vendor\laravel\framework\src\Illuminate\Cookie\Guard.php(51): Illuminate\Cookie\Queue->handle(Object(Illuminate\Http\Request), 1, true)
#9 D:\wamp\www\laravel-builder\protected\vendor\stack\builder\src\Stack\StackedHttpKernel.php(23): Illuminate\Cookie\Guard->handle(Object(Illuminate\Http\Request), 1, true)
#10 D:\wamp\www\laravel-builder\protected\vendor\laravel\framework\src\Illuminate\Foundation\Application.php(606): Stack\StackedHttpKernel->handle(Object(Illuminate\Http\Request))
#11 D:\wamp\www\laravel-builder\index.php(49): Illuminate\Foundation\Application->run()
#12 {main} [] []
[2015-05-08 09:21:55] production.ERROR: exception 'Symfony\Component\HttpKernel\Exception\NotFoundHttpException' in D:\wamp\www\laravel-builder\protected\vendor\laravel\framework\src\Illuminate\Routing\RouteCollection.php:140
Stack trace:
#0 D:\wamp\www\laravel-builder\protected\vendor\laravel\framework\src\Illuminate\Routing\Router.php(1021): Illuminate\Routing\RouteCollection->match(Object(Illuminate\Http\Request))
#1 D:\wamp\www\laravel-builder\protected\vendor\laravel\framework\src\Illuminate\Routing\Router.php(989): Illuminate\Routing\Router->findRoute(Object(Illuminate\Http\Request))
#2 D:\wamp\www\laravel-builder\protected\vendor\laravel\framework\src\Illuminate\Routing\Router.php(968): Illuminate\Routing\Router->dispatchToRoute(Object(Illuminate\Http\Request))
#3 D:\wamp\www\laravel-builder\protected\vendor\laravel\framework\src\Illuminate\Foundation\Application.php(738): Illuminate\Routing\Router->dispatch(Object(Illuminate\Http\Request))
#4 D:\wamp\www\laravel-builder\protected\vendor\laravel\framework\src\Illuminate\Foundation\Application.php(708): Illuminate\Foundation\Application->dispatch(Object(Illuminate\Http\Request))
#5 D:\wamp\www\laravel-builder\protected\vendor\laravel\framework\src\Illuminate\Http\FrameGuard.php(38): Illuminate\Foundation\Application->handle(Object(Illuminate\Http\Request), 1, true)
#6 D:\wamp\www\laravel-builder\protected\vendor\laravel\framework\src\Illuminate\Session\Middleware.php(72): Illuminate\Http\FrameGuard->handle(Object(Illuminate\Http\Request), 1, true)
#7 D:\wamp\www\laravel-builder\protected\vendor\laravel\framework\src\Illuminate\Cookie\Queue.php(47): Illuminate\Session\Middleware->handle(Object(Illuminate\Http\Request), 1, true)
#8 D:\wamp\www\laravel-builder\protected\vendor\laravel\framework\src\Illuminate\Cookie\Guard.php(51): Illuminate\Cookie\Queue->handle(Object(Illuminate\Http\Request), 1, true)
#9 D:\wamp\www\laravel-builder\protected\vendor\stack\builder\src\Stack\StackedHttpKernel.php(23): Illuminate\Cookie\Guard->handle(Object(Illuminate\Http\Request), 1, true)
#10 D:\wamp\www\laravel-builder\protected\vendor\laravel\framework\src\Illuminate\Foundation\Application.php(606): Stack\StackedHttpKernel->handle(Object(Illuminate\Http\Request))
#11 D:\wamp\www\laravel-builder\index.php(49): Illuminate\Foundation\Application->run()
#12 {main} [] []
[2015-05-08 09:22:01] production.ERROR: exception 'Symfony\Component\HttpKernel\Exception\NotFoundHttpException' in D:\wamp\www\laravel-builder\protected\vendor\laravel\framework\src\Illuminate\Routing\RouteCollection.php:140
Stack trace:
#0 D:\wamp\www\laravel-builder\protected\vendor\laravel\framework\src\Illuminate\Routing\Router.php(1021): Illuminate\Routing\RouteCollection->match(Object(Illuminate\Http\Request))
#1 D:\wamp\www\laravel-builder\protected\vendor\laravel\framework\src\Illuminate\Routing\Router.php(989): Illuminate\Routing\Router->findRoute(Object(Illuminate\Http\Request))
#2 D:\wamp\www\laravel-builder\protected\vendor\laravel\framework\src\Illuminate\Routing\Router.php(968): Illuminate\Routing\Router->dispatchToRoute(Object(Illuminate\Http\Request))
#3 D:\wamp\www\laravel-builder\protected\vendor\laravel\framework\src\Illuminate\Foundation\Application.php(738): Illuminate\Routing\Router->dispatch(Object(Illuminate\Http\Request))
#4 D:\wamp\www\laravel-builder\protected\vendor\laravel\framework\src\Illuminate\Foundation\Application.php(708): Illuminate\Foundation\Application->dispatch(Object(Illuminate\Http\Request))
#5 D:\wamp\www\laravel-builder\protected\vendor\laravel\framework\src\Illuminate\Http\FrameGuard.php(38): Illuminate\Foundation\Application->handle(Object(Illuminate\Http\Request), 1, true)
#6 D:\wamp\www\laravel-builder\protected\vendor\laravel\framework\src\Illuminate\Session\Middleware.php(72): Illuminate\Http\FrameGuard->handle(Object(Illuminate\Http\Request), 1, true)
#7 D:\wamp\www\laravel-builder\protected\vendor\laravel\framework\src\Illuminate\Cookie\Queue.php(47): Illuminate\Session\Middleware->handle(Object(Illuminate\Http\Request), 1, true)
#8 D:\wamp\www\laravel-builder\protected\vendor\laravel\framework\src\Illuminate\Cookie\Guard.php(51): Illuminate\Cookie\Queue->handle(Object(Illuminate\Http\Request), 1, true)
#9 D:\wamp\www\laravel-builder\protected\vendor\stack\builder\src\Stack\StackedHttpKernel.php(23): Illuminate\Cookie\Guard->handle(Object(Illuminate\Http\Request), 1, true)
#10 D:\wamp\www\laravel-builder\protected\vendor\laravel\framework\src\Illuminate\Foundation\Application.php(606): Stack\StackedHttpKernel->handle(Object(Illuminate\Http\Request))
#11 D:\wamp\www\laravel-builder\index.php(49): Illuminate\Foundation\Application->run()
#12 {main} [] []
[2015-05-08 12:31:34] production.ERROR: exception 'Symfony\Component\HttpKernel\Exception\NotFoundHttpException' in D:\wamp\www\laravel-builder\protected\vendor\laravel\framework\src\Illuminate\Routing\RouteCollection.php:140
Stack trace:
#0 D:\wamp\www\laravel-builder\protected\vendor\laravel\framework\src\Illuminate\Routing\Router.php(1021): Illuminate\Routing\RouteCollection->match(Object(Illuminate\Http\Request))
#1 D:\wamp\www\laravel-builder\protected\vendor\laravel\framework\src\Illuminate\Routing\Router.php(989): Illuminate\Routing\Router->findRoute(Object(Illuminate\Http\Request))
#2 D:\wamp\www\laravel-builder\protected\vendor\laravel\framework\src\Illuminate\Routing\Router.php(968): Illuminate\Routing\Router->dispatchToRoute(Object(Illuminate\Http\Request))
#3 D:\wamp\www\laravel-builder\protected\vendor\laravel\framework\src\Illuminate\Foundation\Application.php(738): Illuminate\Routing\Router->dispatch(Object(Illuminate\Http\Request))
#4 D:\wamp\www\laravel-builder\protected\vendor\laravel\framework\src\Illuminate\Foundation\Application.php(708): Illuminate\Foundation\Application->dispatch(Object(Illuminate\Http\Request))
#5 D:\wamp\www\laravel-builder\protected\vendor\laravel\framework\src\Illuminate\Http\FrameGuard.php(38): Illuminate\Foundation\Application->handle(Object(Illuminate\Http\Request), 1, true)
#6 D:\wamp\www\laravel-builder\protected\vendor\laravel\framework\src\Illuminate\Session\Middleware.php(72): Illuminate\Http\FrameGuard->handle(Object(Illuminate\Http\Request), 1, true)
#7 D:\wamp\www\laravel-builder\protected\vendor\laravel\framework\src\Illuminate\Cookie\Queue.php(47): Illuminate\Session\Middleware->handle(Object(Illuminate\Http\Request), 1, true)
#8 D:\wamp\www\laravel-builder\protected\vendor\laravel\framework\src\Illuminate\Cookie\Guard.php(51): Illuminate\Cookie\Queue->handle(Object(Illuminate\Http\Request), 1, true)
#9 D:\wamp\www\laravel-builder\protected\vendor\stack\builder\src\Stack\StackedHttpKernel.php(23): Illuminate\Cookie\Guard->handle(Object(Illuminate\Http\Request), 1, true)
#10 D:\wamp\www\laravel-builder\protected\vendor\laravel\framework\src\Illuminate\Foundation\Application.php(606): Stack\StackedHttpKernel->handle(Object(Illuminate\Http\Request))
#11 D:\wamp\www\laravel-builder\index.php(49): Illuminate\Foundation\Application->run()
#12 {main} [] []
[2015-05-08 22:25:51] production.ERROR: exception 'Symfony\Component\HttpKernel\Exception\NotFoundHttpException' in D:\wamp\www\laravel-builder\protected\vendor\laravel\framework\src\Illuminate\Routing\RouteCollection.php:140
Stack trace:
#0 D:\wamp\www\laravel-builder\protected\vendor\laravel\framework\src\Illuminate\Routing\Router.php(1021): Illuminate\Routing\RouteCollection->match(Object(Illuminate\Http\Request))
#1 D:\wamp\www\laravel-builder\protected\vendor\laravel\framework\src\Illuminate\Routing\Router.php(989): Illuminate\Routing\Router->findRoute(Object(Illuminate\Http\Request))
#2 D:\wamp\www\laravel-builder\protected\vendor\laravel\framework\src\Illuminate\Routing\Router.php(968): Illuminate\Routing\Router->dispatchToRoute(Object(Illuminate\Http\Request))
#3 D:\wamp\www\laravel-builder\protected\vendor\laravel\framework\src\Illuminate\Foundation\Application.php(738): Illuminate\Routing\Router->dispatch(Object(Illuminate\Http\Request))
#4 D:\wamp\www\laravel-builder\protected\vendor\laravel\framework\src\Illuminate\Foundation\Application.php(708): Illuminate\Foundation\Application->dispatch(Object(Illuminate\Http\Request))
#5 D:\wamp\www\laravel-builder\protected\vendor\laravel\framework\src\Illuminate\Http\FrameGuard.php(38): Illuminate\Foundation\Application->handle(Object(Illuminate\Http\Request), 1, true)
#6 D:\wamp\www\laravel-builder\protected\vendor\laravel\framework\src\Illuminate\Session\Middleware.php(72): Illuminate\Http\FrameGuard->handle(Object(Illuminate\Http\Request), 1, true)
#7 D:\wamp\www\laravel-builder\protected\vendor\laravel\framework\src\Illuminate\Cookie\Queue.php(47): Illuminate\Session\Middleware->handle(Object(Illuminate\Http\Request), 1, true)
#8 D:\wamp\www\laravel-builder\protected\vendor\laravel\framework\src\Illuminate\Cookie\Guard.php(51): Illuminate\Cookie\Queue->handle(Object(Illuminate\Http\Request), 1, true)
#9 D:\wamp\www\laravel-builder\protected\vendor\stack\builder\src\Stack\StackedHttpKernel.php(23): Illuminate\Cookie\Guard->handle(Object(Illuminate\Http\Request), 1, true)
#10 D:\wamp\www\laravel-builder\protected\vendor\laravel\framework\src\Illuminate\Foundation\Application.php(606): Stack\StackedHttpKernel->handle(Object(Illuminate\Http\Request))
#11 D:\wamp\www\laravel-builder\index.php(49): Illuminate\Foundation\Application->run()
#12 {main} [] []
[2015-05-09 00:40:16] production.ERROR: exception 'Symfony\Component\HttpKernel\Exception\NotFoundHttpException' in D:\wamp\www\laravel-builder\protected\vendor\laravel\framework\src\Illuminate\Routing\RouteCollection.php:140
Stack trace:
#0 D:\wamp\www\laravel-builder\protected\vendor\laravel\framework\src\Illuminate\Routing\Router.php(1021): Illuminate\Routing\RouteCollection->match(Object(Illuminate\Http\Request))
#1 D:\wamp\www\laravel-builder\protected\vendor\laravel\framework\src\Illuminate\Routing\Router.php(989): Illuminate\Routing\Router->findRoute(Object(Illuminate\Http\Request))
#2 D:\wamp\www\laravel-builder\protected\vendor\laravel\framework\src\Illuminate\Routing\Router.php(968): Illuminate\Routing\Router->dispatchToRoute(Object(Illuminate\Http\Request))
#3 D:\wamp\www\laravel-builder\protected\vendor\laravel\framework\src\Illuminate\Foundation\Application.php(738): Illuminate\Routing\Router->dispatch(Object(Illuminate\Http\Request))
#4 D:\wamp\www\laravel-builder\protected\vendor\laravel\framework\src\Illuminate\Foundation\Application.php(708): Illuminate\Foundation\Application->dispatch(Object(Illuminate\Http\Request))
#5 D:\wamp\www\laravel-builder\protected\vendor\laravel\framework\src\Illuminate\Http\FrameGuard.php(38): Illuminate\Foundation\Application->handle(Object(Illuminate\Http\Request), 1, true)
#6 D:\wamp\www\laravel-builder\protected\vendor\laravel\framework\src\Illuminate\Session\Middleware.php(72): Illuminate\Http\FrameGuard->handle(Object(Illuminate\Http\Request), 1, true)
#7 D:\wamp\www\laravel-builder\protected\vendor\laravel\framework\src\Illuminate\Cookie\Queue.php(47): Illuminate\Session\Middleware->handle(Object(Illuminate\Http\Request), 1, true)
#8 D:\wamp\www\laravel-builder\protected\vendor\laravel\framework\src\Illuminate\Cookie\Guard.php(51): Illuminate\Cookie\Queue->handle(Object(Illuminate\Http\Request), 1, true)
#9 D:\wamp\www\laravel-builder\protected\vendor\stack\builder\src\Stack\StackedHttpKernel.php(23): Illuminate\Cookie\Guard->handle(Object(Illuminate\Http\Request), 1, true)
#10 D:\wamp\www\laravel-builder\protected\vendor\laravel\framework\src\Illuminate\Foundation\Application.php(606): Stack\StackedHttpKernel->handle(Object(Illuminate\Http\Request))
#11 D:\wamp\www\laravel-builder\index.php(49): Illuminate\Foundation\Application->run()
#12 {main} [] []
[2015-05-09 00:41:37] production.ERROR: exception 'Symfony\Component\HttpKernel\Exception\NotFoundHttpException' in D:\wamp\www\laravel-builder\protected\vendor\laravel\framework\src\Illuminate\Routing\RouteCollection.php:140
Stack trace:
#0 D:\wamp\www\laravel-builder\protected\vendor\laravel\framework\src\Illuminate\Routing\Router.php(1021): Illuminate\Routing\RouteCollection->match(Object(Illuminate\Http\Request))
#1 D:\wamp\www\laravel-builder\protected\vendor\laravel\framework\src\Illuminate\Routing\Router.php(989): Illuminate\Routing\Router->findRoute(Object(Illuminate\Http\Request))
#2 D:\wamp\www\laravel-builder\protected\vendor\laravel\framework\src\Illuminate\Routing\Router.php(968): Illuminate\Routing\Router->dispatchToRoute(Object(Illuminate\Http\Request))
#3 D:\wamp\www\laravel-builder\protected\vendor\laravel\framework\src\Illuminate\Foundation\Application.php(738): Illuminate\Routing\Router->dispatch(Object(Illuminate\Http\Request))
#4 D:\wamp\www\laravel-builder\protected\vendor\laravel\framework\src\Illuminate\Foundation\Application.php(708): Illuminate\Foundation\Application->dispatch(Object(Illuminate\Http\Request))
#5 D:\wamp\www\laravel-builder\protected\vendor\laravel\framework\src\Illuminate\Http\FrameGuard.php(38): Illuminate\Foundation\Application->handle(Object(Illuminate\Http\Request), 1, true)
#6 D:\wamp\www\laravel-builder\protected\vendor\laravel\framework\src\Illuminate\Session\Middleware.php(72): Illuminate\Http\FrameGuard->handle(Object(Illuminate\Http\Request), 1, true)
#7 D:\wamp\www\laravel-builder\protected\vendor\laravel\framework\src\Illuminate\Cookie\Queue.php(47): Illuminate\Session\Middleware->handle(Object(Illuminate\Http\Request), 1, true)
#8 D:\wamp\www\laravel-builder\protected\vendor\laravel\framework\src\Illuminate\Cookie\Guard.php(51): Illuminate\Cookie\Queue->handle(Object(Illuminate\Http\Request), 1, true)
#9 D:\wamp\www\laravel-builder\protected\vendor\stack\builder\src\Stack\StackedHttpKernel.php(23): Illuminate\Cookie\Guard->handle(Object(Illuminate\Http\Request), 1, true)
#10 D:\wamp\www\laravel-builder\protected\vendor\laravel\framework\src\Illuminate\Foundation\Application.php(606): Stack\StackedHttpKernel->handle(Object(Illuminate\Http\Request))
#11 D:\wamp\www\laravel-builder\index.php(49): Illuminate\Foundation\Application->run()
#12 {main} [] []
